2025-09-07 01:07:47,290 - INFO - Banking Automation Tool v2.0 initialized
2025-09-07 01:07:47,291 - INFO - Starting Banking Automation Tool v2.0
2025-09-07 01:07:47,517 - INFO - Node.js found: v20.19.5
2025-09-07 01:07:52,559 - INFO - Appium server already running
2025-09-07 01:08:13,632 - INFO - Appium server already running
2025-09-07 01:08:15,897 - INFO - Appium server already running
2025-09-07 01:13:00,356 - INFO - Appium server already running
2025-09-07 01:13:05,665 - INFO - Appium server already running
2025-09-07 01:13:15,000 - INFO - Appium server already running
2025-09-07 01:14:26,855 - INFO - Terminated Appium process: 8436
2025-09-07 01:14:26,856 - INFO - Appium server stopped
2025-09-07 01:16:00,175 - INFO - Banking Automation Tool v2.0 initialized
2025-09-07 01:16:00,189 - INFO - Starting Banking Automation Tool v2.0
2025-09-07 01:16:00,477 - INFO - Node.js found: v20.19.5
2025-09-07 01:16:07,768 - INFO - Appium found with command 'appium.cmd': 3.0.1
2025-09-07 01:16:19,318 - INFO - Starting Appium server on port 4723
2025-09-07 01:16:19,331 - ERROR - Failed to start server: [WinError 2] The system cannot find the file specified
2025-09-07 01:16:42,568 - INFO - Starting Appium server on port 4723
2025-09-07 01:16:42,578 - ERROR - Failed to start server: [WinError 2] The system cannot find the file specified
2025-09-07 01:18:45,517 - INFO - Banking Automation Tool v2.0 initialized
2025-09-07 01:18:45,519 - INFO - Starting Banking Automation Tool v2.0
2025-09-07 01:18:45,840 - INFO - Node.js found: v20.19.5
2025-09-07 01:18:52,931 - INFO - Appium found with command 'appium.cmd': 3.0.1
2025-09-07 01:19:07,009 - INFO - Starting Appium server on port 4723
2025-09-07 01:19:07,010 - INFO - Trying to start server with command: appium
2025-09-07 01:19:07,023 - INFO - Trying to start server with command: appium.cmd
2025-09-07 01:19:09,044 - INFO - Successfully started Appium with command: appium.cmd
2025-09-07 01:19:15,369 - ERROR - Server failed to start. Error: WARN Appium Appium encountered 1 warning while validating plugins found in manifest C:\Users\chand\.appium\node_modules\.cache\appium\extensions.yaml
WARN Appium Plugin "execute-driver" has 1 potential problem: 
WARN Appium   - Plugin "execute-driver" (package `@appium/execute-driver-plugin`) may be incompatible with the current version of Appium (v3.0.1) due to its peer dependency on Appium ^2.0.0-beta.35. Try to upgrade `@appium/execute-driver-plugin` to v3.0.36 or newer.
WARN Appium Appium encountered 1 warning while validating drivers found in manifest C:\Users\chand\.appium\node_modules\.cache\appium\extensions.yaml
WARN Appium Driver "uiautomator2" has 1 potential problem: 
WARN Appium   - Driver "uiautomator2" (package `appium-uiautomator2-driver`) may be incompatible with the current version of Appium (v3.0.1) due to its peer dependency on Appium ^2.4.1. Try to upgrade `appium-uiautomator2-driver` to v2.45.1 or newer.

[ERROR] Unrecognized arguments: --host 127.0.0.1

2025-09-07 01:22:21,928 - INFO - Appium server stopped
2025-09-07 01:27:08,294 - INFO - Banking Automation Tool v2.0 initialized
2025-09-07 01:27:08,295 - INFO - Starting Banking Automation Tool v2.0
2025-09-07 01:27:08,506 - INFO - Node.js found: v20.19.5
2025-09-07 01:27:15,868 - INFO - Appium found with command 'appium.cmd': 3.0.1
2025-09-07 01:28:59,182 - INFO - Successfully connected to banking app
2025-09-07 01:29:25,749 - INFO - Successfully connected to banking app
2025-09-07 01:40:20,306 - INFO - Driver session closed
2025-09-07 01:40:21,703 - INFO - Terminated Appium process: 15000
2025-09-07 01:40:21,704 - INFO - Appium server stopped
2025-09-07 18:20:27,546 - INFO - Banking Automation Tool v3.0 initialized
2025-09-07 18:20:27,547 - INFO - Starting Banking Automation Tool v3.0
2025-09-07 18:20:27,781 - INFO - Node.js found: v20.19.5
2025-09-07 18:20:37,005 - INFO - Appium found with command 'appium.cmd': 3.0.1
2025-09-07 18:22:10,904 - INFO - Starting Appium server on port 4723
2025-09-07 18:22:10,905 - INFO - Trying to start server with command: appium
2025-09-07 18:22:10,915 - INFO - Trying to start server with command: appium.cmd
2025-09-07 18:22:12,929 - INFO - Successfully started Appium with command: appium.cmd
2025-09-07 18:22:20,580 - INFO - Appium server started successfully
2025-09-07 18:25:08,265 - INFO - Appium server stopped
2025-09-07 18:25:09,207 - INFO - Terminated Appium process: 12252
2025-09-07 18:25:09,209 - INFO - Appium server stopped
2025-09-07 18:25:16,766 - INFO - Banking Automation Tool v3.0 initialized
2025-09-07 18:25:16,767 - INFO - Starting Banking Automation Tool v3.0
2025-09-07 18:25:16,980 - INFO - Node.js found: v20.19.5
2025-09-07 18:25:24,537 - INFO - Appium found with command 'appium.cmd': 3.0.1
2025-09-07 18:25:33,086 - INFO - Starting Appium server on port 4723
2025-09-07 18:25:33,087 - INFO - Trying to start server with command: appium
2025-09-07 18:25:33,096 - INFO - Trying to start server with command: appium.cmd
2025-09-07 18:25:35,114 - INFO - Successfully started Appium with command: appium.cmd
2025-09-07 18:25:43,752 - INFO - Appium server started successfully
2025-09-07 18:30:29,250 - INFO - Appium server stopped
2025-09-07 18:30:30,243 - INFO - Terminated Appium process: 9388
2025-09-07 18:30:30,244 - INFO - Appium server stopped
2025-09-07 18:32:09,124 - INFO - Banking Automation Tool v3.0 initialized
2025-09-07 18:32:09,124 - INFO - Starting Banking Automation Tool v3.0
2025-09-07 18:32:09,358 - INFO - Node.js found: v20.19.5
2025-09-07 18:32:16,701 - INFO - Terminated existing Appium process: 11008
2025-09-07 18:32:18,711 - INFO - Starting Appium server on port 4723
2025-09-07 18:32:18,711 - INFO - Trying to start server with command: appium
2025-09-07 18:32:18,734 - INFO - Trying to start server with command: appium.cmd
2025-09-07 18:32:20,757 - INFO - Successfully started Appium with command: appium.cmd
2025-09-07 18:32:28,434 - INFO - Appium server started successfully
2025-09-07 18:32:35,000 - INFO - Appium server stopped
2025-09-07 18:32:36,047 - INFO - Terminated Appium process: 2412
2025-09-07 18:32:42,237 - INFO - Starting Appium server on port 4723
2025-09-07 18:32:42,237 - INFO - Trying to start server with command: appium
2025-09-07 18:32:42,249 - INFO - Trying to start server with command: appium.cmd
2025-09-07 18:32:44,255 - INFO - Successfully started Appium with command: appium.cmd
2025-09-07 18:32:52,617 - INFO - Appium server started successfully
2025-09-07 18:34:58,835 - INFO - Appium server stopped
2025-09-07 18:34:59,840 - INFO - Terminated Appium process: 17812
2025-09-07 18:34:59,846 - INFO - Terminated Appium process: 22324
2025-09-07 18:34:59,847 - INFO - Appium server stopped
2025-09-07 18:36:23,365 - INFO - Banking Automation Tool v3.0 initialized
2025-09-07 18:36:23,366 - INFO - Starting Banking Automation Tool v3.0
2025-09-07 18:36:23,641 - INFO - Node.js found: v20.19.5
2025-09-07 18:36:30,715 - INFO - Appium found with command 'appium.cmd': 3.0.1
2025-09-07 18:36:40,429 - INFO - Starting Appium server on port 4723
2025-09-07 18:36:40,429 - INFO - Trying to start server with command: appium
2025-09-07 18:36:40,445 - INFO - Trying to start server with command: appium.cmd
2025-09-07 18:36:42,463 - INFO - Successfully started Appium with command: appium.cmd
2025-09-07 18:36:50,116 - INFO - Appium server started successfully
2025-09-07 18:45:09,187 - INFO - Appium server stopped
2025-09-07 18:45:10,192 - INFO - Terminated Appium process: 17012
2025-09-07 18:45:10,193 - INFO - Appium server stopped
2025-09-07 18:45:58,808 - INFO - Banking Automation Tool v3.0 initialized
2025-09-07 18:45:58,808 - INFO - Starting Banking Automation Tool v3.0
2025-09-07 18:45:59,047 - INFO - Node.js found: v20.19.5
2025-09-07 18:46:06,107 - INFO - Appium found with command 'appium.cmd': 3.0.1
2025-09-07 18:46:08,697 - INFO - Appium server already running
2025-09-07 18:47:13,327 - INFO - Successfully connected to banking app
2025-09-07 18:47:25,885 - INFO - Screenshot saved: InLinea_Banking_Unknown_Screen_20250907_184725.png
2025-09-07 18:47:32,258 - WARNING - Failed to process element: sequence item 3: expected str instance, NoneType found
2025-09-07 18:47:33,346 - INFO - Screenshot saved: InLinea_Banking_Unknown_Screen_20250907_184732.png
2025-09-07 18:47:35,301 - INFO - Screenshot saved: InLinea_Banking_Unknown_Screen_20250907_184734.png
2025-09-07 18:47:35,848 - INFO - Screenshot saved: InLinea_Banking_Unknown_Screen_20250907_184734.png
2025-09-07 18:47:36,309 - WARNING - Failed to process element: sequence item 3: expected str instance, NoneType found
2025-09-07 18:47:41,035 - WARNING - Failed to process element: Message: Cached elements 'By.xpath: //*[@clickable='true']' do not exist in DOM anymore; For documentation on this error, please visit: https://www.selenium.dev/documentation/webdriver/troubleshooting/errors#staleelementreferenceexception
Stacktrace:
io.appium.uiautomator2.common.exceptions.StaleElementReferenceException: Cached elements 'By.xpath: //*[@clickable='true']' do not exist in DOM anymore
	at io.appium.uiautomator2.model.ElementsCache.restore(ElementsCache.java:78)
	at io.appium.uiautomator2.model.ElementsCache.get(ElementsCache.java:153)
	at io.appium.uiautomator2.handler.GetElementAttribute.safeHandle(GetElementAttribute.java:23)
	at io.appium.uiautomator2.handler.request.SafeRequestHandler.handle(SafeRequestHandler.java:59)
	at io.appium.uiautomator2.server.AppiumServlet.handleRequest(AppiumServlet.java:277)
	at io.appium.uiautomator2.server.AppiumServlet.handleHttpRequest(AppiumServlet.java:271)
	at io.appium.uiautomator2.http.ServerHandler.channelRead(ServerHandler.java:77)
	at io.netty.channel.AbstractChannelHandlerContext.invokeChannelRead(AbstractChannelHandlerContext.java:366)
	at io.netty.channel.AbstractChannelHandlerContext.invokeChannelRead(AbstractChannelHandlerContext.java:352)
	at io.netty.channel.AbstractChannelHandlerContext.fireChannelRead(AbstractChannelHandlerContext.java:345)
	at io.netty.handler.codec.MessageToMessageDecoder.channelRead(MessageToMessageDecoder.java:102)
	at io.netty.channel.AbstractChannelHandlerContext.invokeChannelRead(AbstractChannelHandlerContext.java:366)
	at io.netty.channel.AbstractChannelHandlerContext.invokeChannelRead(AbstractChannelHandlerContext.java:352)
	at io.netty.channel.AbstractChannelHandlerContext.fireChannelRead(AbstractChannelHandlerContext.java:345)
	at io.netty.channel.CombinedChannelDuplexHandler$DelegatingChannelHandlerContext.fireChannelRead(CombinedChannelDuplexHandler.java:435)
	at io.netty.handler.codec.ByteToMessageDecoder.fireChannelRead(ByteToMessageDecoder.java:293)
	at io.netty.handler.codec.ByteToMessageDecoder.channelRead(ByteToMessageDecoder.java:267)
	at io.netty.channel.CombinedChannelDuplexHandler.channelRead(CombinedChannelDuplexHandler.java:250)
	at io.netty.channel.AbstractChannelHandlerContext.invokeChannelRead(AbstractChannelHandlerContext.java:366)
	at io.netty.channel.AbstractChannelHandlerContext.invokeChannelRead(AbstractChannelHandlerContext.java:352)
	at io.netty.channel.AbstractChannelHandlerContext.fireChannelRead(AbstractChannelHandlerContext.java:345)
	at io.netty.handler.timeout.IdleStateHandler.channelRead(IdleStateHandler.java:266)
	at io.netty.channel.AbstractChannelHandlerContext.invokeChannelRead(AbstractChannelHandlerContext.java:366)
	at io.netty.channel.AbstractChannelHandlerContext.invokeChannelRead(AbstractChannelHandlerContext.java:352)
	at io.netty.channel.AbstractChannelHandlerContext.fireChannelRead(AbstractChannelHandlerContext.java:345)
	at io.netty.channel.DefaultChannelPipeline$HeadContext.channelRead(DefaultChannelPipeline.java:1294)
	at io.netty.channel.AbstractChannelHandlerContext.invokeChannelRead(AbstractChannelHandlerContext.java:366)
	at io.netty.channel.AbstractChannelHandlerContext.invokeChannelRead(AbstractChannelHandlerContext.java:352)
	at io.netty.channel.DefaultChannelPipeline.fireChannelRead(DefaultChannelPipeline.java:911)
	at io.netty.channel.nio.AbstractNioByteChannel$NioByteUnsafe.read(AbstractNioByteChannel.java:131)
	at io.netty.channel.nio.NioEventLoop.processSelectedKey(NioEventLoop.java:611)
	at io.netty.channel.nio.NioEventLoop.processSelectedKeysOptimized(NioEventLoop.java:552)
	at io.netty.channel.nio.NioEventLoop.processSelectedKeys(NioEventLoop.java:466)
	at io.netty.channel.nio.NioEventLoop.run(NioEventLoop.java:438)
	at io.netty.util.concurrent.SingleThreadEventExecutor$2.run(SingleThreadEventExecutor.java:140)
	at io.netty.util.concurrent.DefaultThreadFactory$DefaultRunnableDecorator.run(DefaultThreadFactory.java:144)
	at java.lang.Thread.run(Thread.java:1119)

2025-09-07 18:47:41,459 - WARNING - Failed to process element: Message: Cached elements 'By.xpath: //android.widget.Button' do not exist in DOM anymore; For documentation on this error, please visit: https://www.selenium.dev/documentation/webdriver/troubleshooting/errors#staleelementreferenceexception
Stacktrace:
io.appium.uiautomator2.common.exceptions.StaleElementReferenceException: Cached elements 'By.xpath: //android.widget.Button' do not exist in DOM anymore
	at io.appium.uiautomator2.model.ElementsCache.restore(ElementsCache.java:78)
	at io.appium.uiautomator2.model.ElementsCache.get(ElementsCache.java:153)
	at io.appium.uiautomator2.handler.GetName.safeHandle(GetName.java:41)
	at io.appium.uiautomator2.handler.request.SafeRequestHandler.handle(SafeRequestHandler.java:59)
	at io.appium.uiautomator2.server.AppiumServlet.handleRequest(AppiumServlet.java:277)
	at io.appium.uiautomator2.server.AppiumServlet.handleHttpRequest(AppiumServlet.java:271)
	at io.appium.uiautomator2.http.ServerHandler.channelRead(ServerHandler.java:77)
	at io.netty.channel.AbstractChannelHandlerContext.invokeChannelRead(AbstractChannelHandlerContext.java:366)
	at io.netty.channel.AbstractChannelHandlerContext.invokeChannelRead(AbstractChannelHandlerContext.java:352)
	at io.netty.channel.AbstractChannelHandlerContext.fireChannelRead(AbstractChannelHandlerContext.java:345)
	at io.netty.handler.codec.MessageToMessageDecoder.channelRead(MessageToMessageDecoder.java:102)
	at io.netty.channel.AbstractChannelHandlerContext.invokeChannelRead(AbstractChannelHandlerContext.java:366)
	at io.netty.channel.AbstractChannelHandlerContext.invokeChannelRead(AbstractChannelHandlerContext.java:352)
	at io.netty.channel.AbstractChannelHandlerContext.fireChannelRead(AbstractChannelHandlerContext.java:345)
	at io.netty.channel.CombinedChannelDuplexHandler$DelegatingChannelHandlerContext.fireChannelRead(CombinedChannelDuplexHandler.java:435)
	at io.netty.handler.codec.ByteToMessageDecoder.fireChannelRead(ByteToMessageDecoder.java:293)
	at io.netty.handler.codec.ByteToMessageDecoder.channelRead(ByteToMessageDecoder.java:267)
	at io.netty.channel.CombinedChannelDuplexHandler.channelRead(CombinedChannelDuplexHandler.java:250)
	at io.netty.channel.AbstractChannelHandlerContext.invokeChannelRead(AbstractChannelHandlerContext.java:366)
	at io.netty.channel.AbstractChannelHandlerContext.invokeChannelRead(AbstractChannelHandlerContext.java:352)
	at io.netty.channel.AbstractChannelHandlerContext.fireChannelRead(AbstractChannelHandlerContext.java:345)
	at io.netty.handler.timeout.IdleStateHandler.channelRead(IdleStateHandler.java:266)
	at io.netty.channel.AbstractChannelHandlerContext.invokeChannelRead(AbstractChannelHandlerContext.java:366)
	at io.netty.channel.AbstractChannelHandlerContext.invokeChannelRead(AbstractChannelHandlerContext.java:352)
	at io.netty.channel.AbstractChannelHandlerContext.fireChannelRead(AbstractChannelHandlerContext.java:345)
	at io.netty.channel.DefaultChannelPipeline$HeadContext.channelRead(DefaultChannelPipeline.java:1294)
	at io.netty.channel.AbstractChannelHandlerContext.invokeChannelRead(AbstractChannelHandlerContext.java:366)
	at io.netty.channel.AbstractChannelHandlerContext.invokeChannelRead(AbstractChannelHandlerContext.java:352)
	at io.netty.channel.DefaultChannelPipeline.fireChannelRead(DefaultChannelPipeline.java:911)
	at io.netty.channel.nio.AbstractNioByteChannel$NioByteUnsafe.read(AbstractNioByteChannel.java:131)
	at io.netty.channel.nio.NioEventLoop.processSelectedKey(NioEventLoop.java:611)
	at io.netty.channel.nio.NioEventLoop.processSelectedKeysOptimized(NioEventLoop.java:552)
	at io.netty.channel.nio.NioEventLoop.processSelectedKeys(NioEventLoop.java:466)
	at io.netty.channel.nio.NioEventLoop.run(NioEventLoop.java:438)
	at io.netty.util.concurrent.SingleThreadEventExecutor$2.run(SingleThreadEventExecutor.java:140)
	at io.netty.util.concurrent.DefaultThreadFactory$DefaultRunnableDecorator.run(DefaultThreadFactory.java:144)
	at java.lang.Thread.run(Thread.java:1119)

2025-09-07 18:47:41,477 - INFO - Screen scan completed: 20 elements found in 16.34s
2025-09-07 18:47:41,525 - WARNING - Connection pool is full, discarding connection: localhost. Connection pool size: 1
2025-09-07 18:47:42,387 - INFO - Screenshot saved: InLinea_Banking_Unknown_Screen_20250907_184741.png
2025-09-07 18:47:42,742 - INFO - Screenshot saved: InLinea_Banking_Unknown_Screen_20250907_184741.png
2025-09-07 18:47:56,548 - INFO - Screen scan completed: 24 elements found in 25.98s
2025-09-07 18:47:56,570 - WARNING - Connection pool is full, discarding connection: localhost. Connection pool size: 1
2025-09-07 18:47:57,999 - INFO - Screen scan completed: 24 elements found in 26.89s
2025-09-07 18:47:58,030 - WARNING - Connection pool is full, discarding connection: localhost. Connection pool size: 1
2025-09-07 18:47:58,109 - INFO - Screen scan completed: 24 elements found in 26.76s
2025-09-07 18:47:58,152 - WARNING - Connection pool is full, discarding connection: localhost. Connection pool size: 1
2025-09-07 18:48:00,946 - WARNING - Failed to process element: sequence item 3: expected str instance, NoneType found
2025-09-07 18:48:00,975 - WARNING - Failed to process element: sequence item 3: expected str instance, NoneType found
2025-09-07 18:48:01,977 - WARNING - Failed to process element: sequence item 3: expected str instance, NoneType found
2025-09-07 18:48:02,114 - WARNING - Failed to process element: sequence item 3: expected str instance, NoneType found
2025-09-07 18:48:03,172 - WARNING - Failed to process element: sequence item 3: expected str instance, NoneType found
2025-09-07 18:48:03,209 - WARNING - Failed to process element: sequence item 3: expected str instance, NoneType found
2025-09-07 18:48:04,170 - WARNING - Failed to process element: sequence item 3: expected str instance, NoneType found
2025-09-07 18:48:04,173 - INFO - Screen scan completed: 20 elements found in 28.64s
2025-09-07 18:48:04,198 - WARNING - Connection pool is full, discarding connection: localhost. Connection pool size: 1
2025-09-07 18:48:04,203 - WARNING - Failed to process element: sequence item 3: expected str instance, NoneType found
2025-09-07 18:48:04,205 - INFO - Screen scan completed: 20 elements found in 28.24s
2025-09-07 18:48:30,532 - INFO - Screenshot saved: InLinea_Banking_Unknown_Screen_20250907_184830.png
2025-09-07 18:48:35,678 - WARNING - Failed to process element: sequence item 3: expected str instance, NoneType found
2025-09-07 18:48:36,240 - WARNING - Failed to process element: sequence item 3: expected str instance, NoneType found
2025-09-07 18:48:36,891 - WARNING - Failed to process element: sequence item 3: expected str instance, NoneType found
2025-09-07 18:48:38,297 - WARNING - Failed to process element: sequence item 3: expected str instance, NoneType found
2025-09-07 18:48:38,299 - INFO - Screen scan completed: 12 elements found in 8.36s
2025-09-07 19:00:30,599 - INFO - Terminated Appium process: 9096
2025-09-07 19:00:30,602 - INFO - Appium server stopped
2025-09-07 19:12:37,927 - INFO - Banking Automation Tool v5.0 initialized
2025-09-07 19:12:37,928 - INFO - Starting Banking Automation Tool v5.0
2025-09-07 19:12:38,134 - INFO - Node.js found: v20.19.5
2025-09-07 19:12:45,196 - INFO - Appium found with command 'appium.cmd': 3.0.1
2025-09-07 19:13:07,137 - INFO - Appium server already running
2025-09-07 19:13:48,445 - INFO - Successfully connected to banking app
2025-09-07 19:15:25,443 - INFO - Screenshot saved: InLinea_Banking_Unknown_Screen_20250907_191524.png
2025-09-07 19:15:31,407 - WARNING - Failed to process element: sequence item 3: expected str instance, NoneType found
2025-09-07 19:15:32,238 - WARNING - Failed to process element: sequence item 3: expected str instance, NoneType found
2025-09-07 19:15:33,380 - WARNING - Failed to process element: sequence item 3: expected str instance, NoneType found
2025-09-07 19:15:34,525 - WARNING - Failed to process element: sequence item 3: expected str instance, NoneType found
2025-09-07 19:15:34,527 - INFO - Screen scan completed: 12 elements found in 9.9s
2025-09-07 19:16:25,980 - INFO - Database schema initialized successfully
2025-09-07 19:16:33,949 - INFO - Database schema initialized successfully
2025-09-07 19:16:33,955 - INFO - Cleaned up 0 old records
2025-09-07 19:16:34,989 - INFO - Database schema initialized successfully
2025-09-07 19:16:52,349 - INFO - Screenshot saved: InLinea_Banking_Login_20250907_191651.png
2025-09-07 19:16:57,876 - WARNING - Failed to process element: sequence item 3: expected str instance, NoneType found
2025-09-07 19:16:58,493 - WARNING - Failed to process element: sequence item 3: expected str instance, NoneType found
2025-09-07 19:16:59,645 - WARNING - Failed to process element: sequence item 3: expected str instance, NoneType found
2025-09-07 19:17:01,051 - WARNING - Failed to process element: sequence item 3: expected str instance, NoneType found
2025-09-07 19:17:01,053 - INFO - Screen scan completed: 12 elements found in 9.34s
2025-09-07 19:17:15,750 - INFO - Database schema initialized successfully
2025-09-07 19:17:25,231 - INFO - Database schema initialized successfully
2025-09-07 19:17:26,094 - INFO - Database schema initialized successfully
2025-09-07 19:17:26,262 - INFO - Database schema initialized successfully
2025-09-07 19:17:26,558 - INFO - Database schema initialized successfully
2025-09-07 19:17:26,814 - INFO - Database schema initialized successfully
2025-09-07 19:17:27,934 - INFO - Database schema initialized successfully
2025-09-07 19:17:28,110 - INFO - Database schema initialized successfully
2025-09-07 19:17:28,278 - INFO - Database schema initialized successfully
2025-09-07 19:17:28,462 - INFO - Database schema initialized successfully
2025-09-07 19:17:28,814 - INFO - Database schema initialized successfully
2025-09-07 19:17:35,317 - INFO - Database schema initialized successfully
2025-09-07 19:17:35,494 - INFO - Database schema initialized successfully
2025-09-07 19:17:35,663 - INFO - Database schema initialized successfully
2025-09-07 19:20:20,766 - INFO - Database schema initialized successfully
2025-09-07 19:20:21,614 - INFO - Database schema initialized successfully
2025-09-07 19:20:21,814 - INFO - Database schema initialized successfully
2025-09-07 19:20:21,982 - INFO - Database schema initialized successfully
2025-09-07 19:20:22,166 - INFO - Database schema initialized successfully
2025-09-07 19:20:44,192 - INFO - Database schema initialized successfully
2025-09-07 19:20:44,217 - INFO - Exported 0 records to CSV: C:/Users/chand/test.csv
2025-09-07 19:20:54,115 - INFO - Database schema initialized successfully
2025-09-07 19:20:54,224 - INFO - Exported 0 records to Excel: C:/Users/chand/test.xlsx
2025-09-07 19:21:10,350 - INFO - Database schema initialized successfully
2025-09-07 19:21:10,426 - INFO - Exported 0 test cases to excel: C:/Users/chand/test.xlsx
2025-09-07 19:21:55,563 - INFO - Screenshot saved: InLinea_Banking_Unknown_Screen_20250907_192155.png
2025-09-07 19:22:03,712 - WARNING - Failed to process element: sequence item 3: expected str instance, NoneType found
2025-09-07 19:22:04,301 - WARNING - Failed to process element: sequence item 3: expected str instance, NoneType found
2025-09-07 19:22:04,865 - WARNING - Failed to process element: sequence item 3: expected str instance, NoneType found
2025-09-07 19:22:05,607 - WARNING - Failed to process element: sequence item 3: expected str instance, NoneType found
2025-09-07 19:22:06,697 - WARNING - Failed to process element: sequence item 3: expected str instance, NoneType found
2025-09-07 19:22:07,261 - WARNING - Failed to process element: sequence item 3: expected str instance, NoneType found
2025-09-07 19:22:07,267 - INFO - Screen scan completed: 45 elements found in 12.35s
2025-09-07 19:22:36,743 - INFO - Database schema initialized successfully
2025-09-07 19:26:23,397 - INFO - Database schema initialized successfully
2025-09-07 19:26:23,399 - INFO - Cleaned up 0 old records
2025-09-07 19:26:24,820 - INFO - Database schema initialized successfully
2025-09-07 19:26:25,846 - INFO - Database schema initialized successfully
2025-09-07 19:26:27,214 - INFO - Database schema initialized successfully
2025-09-07 19:26:27,414 - INFO - Database schema initialized successfully
2025-09-07 19:26:59,473 - INFO - Database schema initialized successfully
2025-09-07 19:26:59,486 - INFO - Exported 0 records to CSV: C:/Users/chand/d.csv
2025-09-07 19:28:30,469 - ERROR - Failed to save screenshot: Message: A session is either terminated or not started; For documentation on this error, please visit: https://www.selenium.dev/documentation/webdriver/troubleshooting/errors#invalidsessionidexception
Stacktrace:
NoSuchDriverError: A session is either terminated or not started
    at asyncHandler (C:\Users\chand\AppData\Roaming\npm\node_modules\appium\node_modules\@appium\base-driver\lib\protocol\protocol.ts:329:15)
    at C:\Users\chand\AppData\Roaming\npm\node_modules\appium\node_modules\@appium\base-driver\lib\protocol\protocol.ts:524:15
    at Layer.handleRequest (C:\Users\chand\AppData\Roaming\npm\node_modules\appium\node_modules\router\lib\layer.js:152:17)
    at next (C:\Users\chand\AppData\Roaming\npm\node_modules\appium\node_modules\router\lib\route.js:157:13)
    at Route.dispatch (C:\Users\chand\AppData\Roaming\npm\node_modules\appium\node_modules\router\lib\route.js:117:3)
    at handle (C:\Users\chand\AppData\Roaming\npm\node_modules\appium\node_modules\router\index.js:435:11)
    at Layer.handleRequest (C:\Users\chand\AppData\Roaming\npm\node_modules\appium\node_modules\router\lib\layer.js:152:17)
    at C:\Users\chand\AppData\Roaming\npm\node_modules\appium\node_modules\router\index.js:295:15
    at param (C:\Users\chand\AppData\Roaming\npm\node_modules\appium\node_modules\router\index.js:600:14)
    at param (C:\Users\chand\AppData\Roaming\npm\node_modules\appium\node_modules\router\index.js:610:14)
    at processParams (C:\Users\chand\AppData\Roaming\npm\node_modules\appium\node_modules\router\index.js:664:3)
    at next (C:\Users\chand\AppData\Roaming\npm\node_modules\appium\node_modules\router\index.js:291:5)
    at logger (C:\Users\chand\AppData\Roaming\npm\node_modules\appium\node_modules\morgan\index.js:144:5)
    at Layer.handleRequest (C:\Users\chand\AppData\Roaming\npm\node_modules\appium\node_modules\router\lib\layer.js:152:17)
    at trimPrefix (C:\Users\chand\AppData\Roaming\npm\node_modules\appium\node_modules\router\index.js:342:13)
    at C:\Users\chand\AppData\Roaming\npm\node_modules\appium\node_modules\router\index.js:297:9
    at processParams (C:\Users\chand\AppData\Roaming\npm\node_modules\appium\node_modules\router\index.js:582:12)
    at next (C:\Users\chand\AppData\Roaming\npm\node_modules\appium\node_modules\router\index.js:291:5)
    at jsonParser (C:\Users\chand\AppData\Roaming\npm\node_modules\appium\node_modules\body-parser\lib\types\json.js:100:7)
    at Layer.handleRequest (C:\Users\chand\AppData\Roaming\npm\node_modules\appium\node_modules\router\lib\layer.js:152:17)
    at trimPrefix (C:\Users\chand\AppData\Roaming\npm\node_modules\appium\node_modules\router\index.js:342:13)
    at C:\Users\chand\AppData\Roaming\npm\node_modules\appium\node_modules\router\index.js:297:9
2025-09-07 19:28:30,502 - ERROR - Screen scanning failed: Message: A session is either terminated or not started; For documentation on this error, please visit: https://www.selenium.dev/documentation/webdriver/troubleshooting/errors#invalidsessionidexception
Stacktrace:
NoSuchDriverError: A session is either terminated or not started
    at asyncHandler (C:\Users\chand\AppData\Roaming\npm\node_modules\appium\node_modules\@appium\base-driver\lib\protocol\protocol.ts:329:15)
    at C:\Users\chand\AppData\Roaming\npm\node_modules\appium\node_modules\@appium\base-driver\lib\protocol\protocol.ts:524:15
    at Layer.handleRequest (C:\Users\chand\AppData\Roaming\npm\node_modules\appium\node_modules\router\lib\layer.js:152:17)
    at next (C:\Users\chand\AppData\Roaming\npm\node_modules\appium\node_modules\router\lib\route.js:157:13)
    at Route.dispatch (C:\Users\chand\AppData\Roaming\npm\node_modules\appium\node_modules\router\lib\route.js:117:3)
    at handle (C:\Users\chand\AppData\Roaming\npm\node_modules\appium\node_modules\router\index.js:435:11)
    at Layer.handleRequest (C:\Users\chand\AppData\Roaming\npm\node_modules\appium\node_modules\router\lib\layer.js:152:17)
    at C:\Users\chand\AppData\Roaming\npm\node_modules\appium\node_modules\router\index.js:295:15
    at param (C:\Users\chand\AppData\Roaming\npm\node_modules\appium\node_modules\router\index.js:600:14)
    at param (C:\Users\chand\AppData\Roaming\npm\node_modules\appium\node_modules\router\index.js:610:14)
    at processParams (C:\Users\chand\AppData\Roaming\npm\node_modules\appium\node_modules\router\index.js:664:3)
    at next (C:\Users\chand\AppData\Roaming\npm\node_modules\appium\node_modules\router\index.js:291:5)
    at logger (C:\Users\chand\AppData\Roaming\npm\node_modules\appium\node_modules\morgan\index.js:144:5)
    at Layer.handleRequest (C:\Users\chand\AppData\Roaming\npm\node_modules\appium\node_modules\router\lib\layer.js:152:17)
    at trimPrefix (C:\Users\chand\AppData\Roaming\npm\node_modules\appium\node_modules\router\index.js:342:13)
    at C:\Users\chand\AppData\Roaming\npm\node_modules\appium\node_modules\router\index.js:297:9
    at processParams (C:\Users\chand\AppData\Roaming\npm\node_modules\appium\node_modules\router\index.js:582:12)
    at next (C:\Users\chand\AppData\Roaming\npm\node_modules\appium\node_modules\router\index.js:291:5)
    at jsonParser (C:\Users\chand\AppData\Roaming\npm\node_modules\appium\node_modules\body-parser\lib\types\json.js:100:7)
    at Layer.handleRequest (C:\Users\chand\AppData\Roaming\npm\node_modules\appium\node_modules\router\lib\layer.js:152:17)
    at trimPrefix (C:\Users\chand\AppData\Roaming\npm\node_modules\appium\node_modules\router\index.js:342:13)
    at C:\Users\chand\AppData\Roaming\npm\node_modules\appium\node_modules\router\index.js:297:9
2025-09-07 19:32:39,142 - ERROR - Failed to save screenshot: Message: A session is either terminated or not started; For documentation on this error, please visit: https://www.selenium.dev/documentation/webdriver/troubleshooting/errors#invalidsessionidexception
Stacktrace:
NoSuchDriverError: A session is either terminated or not started
    at asyncHandler (C:\Users\chand\AppData\Roaming\npm\node_modules\appium\node_modules\@appium\base-driver\lib\protocol\protocol.ts:329:15)
    at C:\Users\chand\AppData\Roaming\npm\node_modules\appium\node_modules\@appium\base-driver\lib\protocol\protocol.ts:524:15
    at Layer.handleRequest (C:\Users\chand\AppData\Roaming\npm\node_modules\appium\node_modules\router\lib\layer.js:152:17)
    at next (C:\Users\chand\AppData\Roaming\npm\node_modules\appium\node_modules\router\lib\route.js:157:13)
    at Route.dispatch (C:\Users\chand\AppData\Roaming\npm\node_modules\appium\node_modules\router\lib\route.js:117:3)
    at handle (C:\Users\chand\AppData\Roaming\npm\node_modules\appium\node_modules\router\index.js:435:11)
    at Layer.handleRequest (C:\Users\chand\AppData\Roaming\npm\node_modules\appium\node_modules\router\lib\layer.js:152:17)
    at C:\Users\chand\AppData\Roaming\npm\node_modules\appium\node_modules\router\index.js:295:15
    at param (C:\Users\chand\AppData\Roaming\npm\node_modules\appium\node_modules\router\index.js:600:14)
    at param (C:\Users\chand\AppData\Roaming\npm\node_modules\appium\node_modules\router\index.js:610:14)
    at processParams (C:\Users\chand\AppData\Roaming\npm\node_modules\appium\node_modules\router\index.js:664:3)
    at next (C:\Users\chand\AppData\Roaming\npm\node_modules\appium\node_modules\router\index.js:291:5)
    at logger (C:\Users\chand\AppData\Roaming\npm\node_modules\appium\node_modules\morgan\index.js:144:5)
    at Layer.handleRequest (C:\Users\chand\AppData\Roaming\npm\node_modules\appium\node_modules\router\lib\layer.js:152:17)
    at trimPrefix (C:\Users\chand\AppData\Roaming\npm\node_modules\appium\node_modules\router\index.js:342:13)
    at C:\Users\chand\AppData\Roaming\npm\node_modules\appium\node_modules\router\index.js:297:9
    at processParams (C:\Users\chand\AppData\Roaming\npm\node_modules\appium\node_modules\router\index.js:582:12)
    at next (C:\Users\chand\AppData\Roaming\npm\node_modules\appium\node_modules\router\index.js:291:5)
    at jsonParser (C:\Users\chand\AppData\Roaming\npm\node_modules\appium\node_modules\body-parser\lib\types\json.js:100:7)
    at Layer.handleRequest (C:\Users\chand\AppData\Roaming\npm\node_modules\appium\node_modules\router\lib\layer.js:152:17)
    at trimPrefix (C:\Users\chand\AppData\Roaming\npm\node_modules\appium\node_modules\router\index.js:342:13)
    at C:\Users\chand\AppData\Roaming\npm\node_modules\appium\node_modules\router\index.js:297:9
2025-09-07 19:32:39,178 - ERROR - Screen scanning failed: Message: A session is either terminated or not started; For documentation on this error, please visit: https://www.selenium.dev/documentation/webdriver/troubleshooting/errors#invalidsessionidexception
Stacktrace:
NoSuchDriverError: A session is either terminated or not started
    at asyncHandler (C:\Users\chand\AppData\Roaming\npm\node_modules\appium\node_modules\@appium\base-driver\lib\protocol\protocol.ts:329:15)
    at C:\Users\chand\AppData\Roaming\npm\node_modules\appium\node_modules\@appium\base-driver\lib\protocol\protocol.ts:524:15
    at Layer.handleRequest (C:\Users\chand\AppData\Roaming\npm\node_modules\appium\node_modules\router\lib\layer.js:152:17)
    at next (C:\Users\chand\AppData\Roaming\npm\node_modules\appium\node_modules\router\lib\route.js:157:13)
    at Route.dispatch (C:\Users\chand\AppData\Roaming\npm\node_modules\appium\node_modules\router\lib\route.js:117:3)
    at handle (C:\Users\chand\AppData\Roaming\npm\node_modules\appium\node_modules\router\index.js:435:11)
    at Layer.handleRequest (C:\Users\chand\AppData\Roaming\npm\node_modules\appium\node_modules\router\lib\layer.js:152:17)
    at C:\Users\chand\AppData\Roaming\npm\node_modules\appium\node_modules\router\index.js:295:15
    at param (C:\Users\chand\AppData\Roaming\npm\node_modules\appium\node_modules\router\index.js:600:14)
    at param (C:\Users\chand\AppData\Roaming\npm\node_modules\appium\node_modules\router\index.js:610:14)
    at processParams (C:\Users\chand\AppData\Roaming\npm\node_modules\appium\node_modules\router\index.js:664:3)
    at next (C:\Users\chand\AppData\Roaming\npm\node_modules\appium\node_modules\router\index.js:291:5)
    at logger (C:\Users\chand\AppData\Roaming\npm\node_modules\appium\node_modules\morgan\index.js:144:5)
    at Layer.handleRequest (C:\Users\chand\AppData\Roaming\npm\node_modules\appium\node_modules\router\lib\layer.js:152:17)
    at trimPrefix (C:\Users\chand\AppData\Roaming\npm\node_modules\appium\node_modules\router\index.js:342:13)
    at C:\Users\chand\AppData\Roaming\npm\node_modules\appium\node_modules\router\index.js:297:9
    at processParams (C:\Users\chand\AppData\Roaming\npm\node_modules\appium\node_modules\router\index.js:582:12)
    at next (C:\Users\chand\AppData\Roaming\npm\node_modules\appium\node_modules\router\index.js:291:5)
    at jsonParser (C:\Users\chand\AppData\Roaming\npm\node_modules\appium\node_modules\body-parser\lib\types\json.js:100:7)
    at Layer.handleRequest (C:\Users\chand\AppData\Roaming\npm\node_modules\appium\node_modules\router\lib\layer.js:152:17)
    at trimPrefix (C:\Users\chand\AppData\Roaming\npm\node_modules\appium\node_modules\router\index.js:342:13)
    at C:\Users\chand\AppData\Roaming\npm\node_modules\appium\node_modules\router\index.js:297:9
2025-09-07 19:32:57,770 - ERROR - Failed to save screenshot: Message: A session is either terminated or not started; For documentation on this error, please visit: https://www.selenium.dev/documentation/webdriver/troubleshooting/errors#invalidsessionidexception
Stacktrace:
NoSuchDriverError: A session is either terminated or not started
    at asyncHandler (C:\Users\chand\AppData\Roaming\npm\node_modules\appium\node_modules\@appium\base-driver\lib\protocol\protocol.ts:329:15)
    at C:\Users\chand\AppData\Roaming\npm\node_modules\appium\node_modules\@appium\base-driver\lib\protocol\protocol.ts:524:15
    at Layer.handleRequest (C:\Users\chand\AppData\Roaming\npm\node_modules\appium\node_modules\router\lib\layer.js:152:17)
    at next (C:\Users\chand\AppData\Roaming\npm\node_modules\appium\node_modules\router\lib\route.js:157:13)
    at Route.dispatch (C:\Users\chand\AppData\Roaming\npm\node_modules\appium\node_modules\router\lib\route.js:117:3)
    at handle (C:\Users\chand\AppData\Roaming\npm\node_modules\appium\node_modules\router\index.js:435:11)
    at Layer.handleRequest (C:\Users\chand\AppData\Roaming\npm\node_modules\appium\node_modules\router\lib\layer.js:152:17)
    at C:\Users\chand\AppData\Roaming\npm\node_modules\appium\node_modules\router\index.js:295:15
    at param (C:\Users\chand\AppData\Roaming\npm\node_modules\appium\node_modules\router\index.js:600:14)
    at param (C:\Users\chand\AppData\Roaming\npm\node_modules\appium\node_modules\router\index.js:610:14)
    at processParams (C:\Users\chand\AppData\Roaming\npm\node_modules\appium\node_modules\router\index.js:664:3)
    at next (C:\Users\chand\AppData\Roaming\npm\node_modules\appium\node_modules\router\index.js:291:5)
    at logger (C:\Users\chand\AppData\Roaming\npm\node_modules\appium\node_modules\morgan\index.js:144:5)
    at Layer.handleRequest (C:\Users\chand\AppData\Roaming\npm\node_modules\appium\node_modules\router\lib\layer.js:152:17)
    at trimPrefix (C:\Users\chand\AppData\Roaming\npm\node_modules\appium\node_modules\router\index.js:342:13)
    at C:\Users\chand\AppData\Roaming\npm\node_modules\appium\node_modules\router\index.js:297:9
    at processParams (C:\Users\chand\AppData\Roaming\npm\node_modules\appium\node_modules\router\index.js:582:12)
    at next (C:\Users\chand\AppData\Roaming\npm\node_modules\appium\node_modules\router\index.js:291:5)
    at jsonParser (C:\Users\chand\AppData\Roaming\npm\node_modules\appium\node_modules\body-parser\lib\types\json.js:100:7)
    at Layer.handleRequest (C:\Users\chand\AppData\Roaming\npm\node_modules\appium\node_modules\router\lib\layer.js:152:17)
    at trimPrefix (C:\Users\chand\AppData\Roaming\npm\node_modules\appium\node_modules\router\index.js:342:13)
    at C:\Users\chand\AppData\Roaming\npm\node_modules\appium\node_modules\router\index.js:297:9
2025-09-07 19:32:57,792 - ERROR - Screen scanning failed: Message: A session is either terminated or not started; For documentation on this error, please visit: https://www.selenium.dev/documentation/webdriver/troubleshooting/errors#invalidsessionidexception
Stacktrace:
NoSuchDriverError: A session is either terminated or not started
    at asyncHandler (C:\Users\chand\AppData\Roaming\npm\node_modules\appium\node_modules\@appium\base-driver\lib\protocol\protocol.ts:329:15)
    at C:\Users\chand\AppData\Roaming\npm\node_modules\appium\node_modules\@appium\base-driver\lib\protocol\protocol.ts:524:15
    at Layer.handleRequest (C:\Users\chand\AppData\Roaming\npm\node_modules\appium\node_modules\router\lib\layer.js:152:17)
    at next (C:\Users\chand\AppData\Roaming\npm\node_modules\appium\node_modules\router\lib\route.js:157:13)
    at Route.dispatch (C:\Users\chand\AppData\Roaming\npm\node_modules\appium\node_modules\router\lib\route.js:117:3)
    at handle (C:\Users\chand\AppData\Roaming\npm\node_modules\appium\node_modules\router\index.js:435:11)
    at Layer.handleRequest (C:\Users\chand\AppData\Roaming\npm\node_modules\appium\node_modules\router\lib\layer.js:152:17)
    at C:\Users\chand\AppData\Roaming\npm\node_modules\appium\node_modules\router\index.js:295:15
    at param (C:\Users\chand\AppData\Roaming\npm\node_modules\appium\node_modules\router\index.js:600:14)
    at param (C:\Users\chand\AppData\Roaming\npm\node_modules\appium\node_modules\router\index.js:610:14)
    at processParams (C:\Users\chand\AppData\Roaming\npm\node_modules\appium\node_modules\router\index.js:664:3)
    at next (C:\Users\chand\AppData\Roaming\npm\node_modules\appium\node_modules\router\index.js:291:5)
    at logger (C:\Users\chand\AppData\Roaming\npm\node_modules\appium\node_modules\morgan\index.js:144:5)
    at Layer.handleRequest (C:\Users\chand\AppData\Roaming\npm\node_modules\appium\node_modules\router\lib\layer.js:152:17)
    at trimPrefix (C:\Users\chand\AppData\Roaming\npm\node_modules\appium\node_modules\router\index.js:342:13)
    at C:\Users\chand\AppData\Roaming\npm\node_modules\appium\node_modules\router\index.js:297:9
    at processParams (C:\Users\chand\AppData\Roaming\npm\node_modules\appium\node_modules\router\index.js:582:12)
    at next (C:\Users\chand\AppData\Roaming\npm\node_modules\appium\node_modules\router\index.js:291:5)
    at jsonParser (C:\Users\chand\AppData\Roaming\npm\node_modules\appium\node_modules\body-parser\lib\types\json.js:100:7)
    at Layer.handleRequest (C:\Users\chand\AppData\Roaming\npm\node_modules\appium\node_modules\router\lib\layer.js:152:17)
    at trimPrefix (C:\Users\chand\AppData\Roaming\npm\node_modules\appium\node_modules\router\index.js:342:13)
    at C:\Users\chand\AppData\Roaming\npm\node_modules\appium\node_modules\router\index.js:297:9
2025-09-07 19:33:09,025 - ERROR - Failed to save screenshot: Message: A session is either terminated or not started; For documentation on this error, please visit: https://www.selenium.dev/documentation/webdriver/troubleshooting/errors#invalidsessionidexception
Stacktrace:
NoSuchDriverError: A session is either terminated or not started
    at asyncHandler (C:\Users\chand\AppData\Roaming\npm\node_modules\appium\node_modules\@appium\base-driver\lib\protocol\protocol.ts:329:15)
    at C:\Users\chand\AppData\Roaming\npm\node_modules\appium\node_modules\@appium\base-driver\lib\protocol\protocol.ts:524:15
    at Layer.handleRequest (C:\Users\chand\AppData\Roaming\npm\node_modules\appium\node_modules\router\lib\layer.js:152:17)
    at next (C:\Users\chand\AppData\Roaming\npm\node_modules\appium\node_modules\router\lib\route.js:157:13)
    at Route.dispatch (C:\Users\chand\AppData\Roaming\npm\node_modules\appium\node_modules\router\lib\route.js:117:3)
    at handle (C:\Users\chand\AppData\Roaming\npm\node_modules\appium\node_modules\router\index.js:435:11)
    at Layer.handleRequest (C:\Users\chand\AppData\Roaming\npm\node_modules\appium\node_modules\router\lib\layer.js:152:17)
    at C:\Users\chand\AppData\Roaming\npm\node_modules\appium\node_modules\router\index.js:295:15
    at param (C:\Users\chand\AppData\Roaming\npm\node_modules\appium\node_modules\router\index.js:600:14)
    at param (C:\Users\chand\AppData\Roaming\npm\node_modules\appium\node_modules\router\index.js:610:14)
    at processParams (C:\Users\chand\AppData\Roaming\npm\node_modules\appium\node_modules\router\index.js:664:3)
    at next (C:\Users\chand\AppData\Roaming\npm\node_modules\appium\node_modules\router\index.js:291:5)
    at logger (C:\Users\chand\AppData\Roaming\npm\node_modules\appium\node_modules\morgan\index.js:144:5)
    at Layer.handleRequest (C:\Users\chand\AppData\Roaming\npm\node_modules\appium\node_modules\router\lib\layer.js:152:17)
    at trimPrefix (C:\Users\chand\AppData\Roaming\npm\node_modules\appium\node_modules\router\index.js:342:13)
    at C:\Users\chand\AppData\Roaming\npm\node_modules\appium\node_modules\router\index.js:297:9
    at processParams (C:\Users\chand\AppData\Roaming\npm\node_modules\appium\node_modules\router\index.js:582:12)
    at next (C:\Users\chand\AppData\Roaming\npm\node_modules\appium\node_modules\router\index.js:291:5)
    at jsonParser (C:\Users\chand\AppData\Roaming\npm\node_modules\appium\node_modules\body-parser\lib\types\json.js:100:7)
    at Layer.handleRequest (C:\Users\chand\AppData\Roaming\npm\node_modules\appium\node_modules\router\lib\layer.js:152:17)
    at trimPrefix (C:\Users\chand\AppData\Roaming\npm\node_modules\appium\node_modules\router\index.js:342:13)
    at C:\Users\chand\AppData\Roaming\npm\node_modules\appium\node_modules\router\index.js:297:9
2025-09-07 19:33:09,048 - ERROR - Screen scanning failed: Message: A session is either terminated or not started; For documentation on this error, please visit: https://www.selenium.dev/documentation/webdriver/troubleshooting/errors#invalidsessionidexception
Stacktrace:
NoSuchDriverError: A session is either terminated or not started
    at asyncHandler (C:\Users\chand\AppData\Roaming\npm\node_modules\appium\node_modules\@appium\base-driver\lib\protocol\protocol.ts:329:15)
    at C:\Users\chand\AppData\Roaming\npm\node_modules\appium\node_modules\@appium\base-driver\lib\protocol\protocol.ts:524:15
    at Layer.handleRequest (C:\Users\chand\AppData\Roaming\npm\node_modules\appium\node_modules\router\lib\layer.js:152:17)
    at next (C:\Users\chand\AppData\Roaming\npm\node_modules\appium\node_modules\router\lib\route.js:157:13)
    at Route.dispatch (C:\Users\chand\AppData\Roaming\npm\node_modules\appium\node_modules\router\lib\route.js:117:3)
    at handle (C:\Users\chand\AppData\Roaming\npm\node_modules\appium\node_modules\router\index.js:435:11)
    at Layer.handleRequest (C:\Users\chand\AppData\Roaming\npm\node_modules\appium\node_modules\router\lib\layer.js:152:17)
    at C:\Users\chand\AppData\Roaming\npm\node_modules\appium\node_modules\router\index.js:295:15
    at param (C:\Users\chand\AppData\Roaming\npm\node_modules\appium\node_modules\router\index.js:600:14)
    at param (C:\Users\chand\AppData\Roaming\npm\node_modules\appium\node_modules\router\index.js:610:14)
    at processParams (C:\Users\chand\AppData\Roaming\npm\node_modules\appium\node_modules\router\index.js:664:3)
    at next (C:\Users\chand\AppData\Roaming\npm\node_modules\appium\node_modules\router\index.js:291:5)
    at logger (C:\Users\chand\AppData\Roaming\npm\node_modules\appium\node_modules\morgan\index.js:144:5)
    at Layer.handleRequest (C:\Users\chand\AppData\Roaming\npm\node_modules\appium\node_modules\router\lib\layer.js:152:17)
    at trimPrefix (C:\Users\chand\AppData\Roaming\npm\node_modules\appium\node_modules\router\index.js:342:13)
    at C:\Users\chand\AppData\Roaming\npm\node_modules\appium\node_modules\router\index.js:297:9
    at processParams (C:\Users\chand\AppData\Roaming\npm\node_modules\appium\node_modules\router\index.js:582:12)
    at next (C:\Users\chand\AppData\Roaming\npm\node_modules\appium\node_modules\router\index.js:291:5)
    at jsonParser (C:\Users\chand\AppData\Roaming\npm\node_modules\appium\node_modules\body-parser\lib\types\json.js:100:7)
    at Layer.handleRequest (C:\Users\chand\AppData\Roaming\npm\node_modules\appium\node_modules\router\lib\layer.js:152:17)
    at trimPrefix (C:\Users\chand\AppData\Roaming\npm\node_modules\appium\node_modules\router\index.js:342:13)
    at C:\Users\chand\AppData\Roaming\npm\node_modules\appium\node_modules\router\index.js:297:9
2025-09-07 19:33:13,979 - INFO - Terminated Appium process: 18900
2025-09-07 19:33:13,980 - INFO - Appium server stopped
2025-09-07 19:33:28,370 - INFO - Banking Automation Tool v5.0 initialized
2025-09-07 19:33:28,370 - INFO - Starting Banking Automation Tool v5.0
2025-09-07 19:33:28,597 - INFO - Node.js found: v20.19.5
2025-09-07 19:33:37,322 - INFO - Appium found with command 'appium.cmd': 3.0.1
2025-09-07 19:33:49,728 - INFO - Starting Appium server on port 4723
2025-09-07 19:33:49,728 - INFO - Trying to start server with command: appium
2025-09-07 19:33:49,742 - INFO - Trying to start server with command: appium.cmd
2025-09-07 19:33:51,770 - INFO - Successfully started Appium with command: appium.cmd
2025-09-07 19:33:59,240 - INFO - Appium server started successfully
2025-09-07 19:35:33,592 - INFO - Appium server stopped
2025-09-07 19:35:34,581 - INFO - Terminated Appium process: 5036
2025-09-07 19:35:34,582 - INFO - Appium server stopped
2025-09-07 19:36:22,674 - INFO - Banking Automation Tool v5.0 initialized
2025-09-07 19:36:22,680 - INFO - Starting Banking Automation Tool v5.0
2025-09-07 19:36:22,924 - INFO - Node.js found: v20.19.5
2025-09-07 19:36:30,868 - INFO - Appium found with command 'appium.cmd': 3.0.1
2025-09-07 19:36:34,631 - INFO - Appium server already running
2025-09-07 19:36:54,949 - INFO - Successfully connected to banking app
2025-09-07 19:37:11,845 - INFO - Screenshot saved: InLinea_Banking_main_20250907_193711.png
2025-09-07 19:37:16,843 - WARNING - Failed to process element: sequence item 3: expected str instance, NoneType found
2025-09-07 19:37:17,490 - WARNING - Failed to process element: sequence item 3: expected str instance, NoneType found
2025-09-07 19:37:18,257 - WARNING - Failed to process element: sequence item 3: expected str instance, NoneType found
2025-09-07 19:37:18,875 - WARNING - Failed to process element: sequence item 3: expected str instance, NoneType found
2025-09-07 19:37:18,877 - INFO - Screen scan completed: 20 elements found in 7.76s
2025-09-07 19:37:27,772 - INFO - Database schema initialized successfully
2025-09-07 19:37:27,779 - INFO - Saved scan session scan_1757252247_44b0efff with 20 elements
2025-09-07 19:37:32,422 - INFO - Database schema initialized successfully
2025-09-07 19:37:41,158 - INFO - Database schema initialized successfully
2025-09-07 19:38:02,537 - INFO - Database schema initialized successfully
2025-09-07 19:38:02,554 - INFO - Exported 20 records to CSV: C:/Users/chand/main.csv
2025-09-07 20:35:54,186 - WARNING - Retrying (Retry(total=2, connect=None, read=None, redirect=None, status=None)) after connection broken by 'ConnectionResetError(10054, 'An existing connection was forcibly closed by the remote host', None, 10054, None)': /session/7f4ba62e-28b3-43b5-95db-cef5269c7144
2025-09-07 20:35:58,693 - WARNING - Retrying (Retry(total=1, connect=None, read=None, redirect=None, status=None)) after connection broken by 'NewConnectionError('<urllib3.connection.HTTPConnection object at 0x000001A1CB9BBCD0>: Failed to establish a new connection: [WinError 10061] No connection could be made because the target machine actively refused it')': /session/7f4ba62e-28b3-43b5-95db-cef5269c7144
2025-09-07 20:36:03,466 - WARNING - Retrying (Retry(total=0, connect=None, read=None, redirect=None, status=None)) after connection broken by 'NewConnectionError('<urllib3.connection.HTTPConnection object at 0x000001A1CB9BBEB0>: Failed to establish a new connection: [WinError 10061] No connection could be made because the target machine actively refused it')': /session/7f4ba62e-28b3-43b5-95db-cef5269c7144
2025-09-07 20:36:13,560 - INFO - Appium server stopped
2025-09-07 21:03:54,934 - INFO - Banking Automation Tool v5.0 initialized
2025-09-07 21:03:54,956 - INFO - Starting Banking Automation Tool v5.0
2025-09-07 21:03:55,722 - INFO - Node.js found: v20.19.5
2025-09-07 21:04:19,303 - INFO - Appium server is running, assuming Appium is installed
